<?xml version="1.0" encoding="utf-8"?>
<beans xmlns="http://www.springframework.org/schema/beans"
	xmlns:xsi="http://www.w3.org/2001/XMLSchema-instance" xmlns:context="http://www.springframework.org/schema/context"
	xsi:schemaLocation="
       http://www.springframework.org/schema/beans
       http://www.springframework.org/schema/beans/spring-beans-3.0.xsd
       http://www.springframework.org/schema/context
       http://www.springframework.org/schema/context/spring-context-3.0.xsd">

	<context:component-scan base-package="amg.net.start" />

	<bean id="fileWalker" class="amg.net.pl.Model.Studentmanager">
	<property name="students">
	<list>
	
	</list>
	</property>	
	</bean>
	<bean id="student1" class="amg.net.pl.Model.Student" >
	
	</bean>
</beans>